
*** Running vivado
    with args -log voting_mach.vds -m64 -product Vivado -mode batch -messageDb vivado.pb -notrace -source voting_mach.tcl


ECHO is off.
ECHO is off.

****** Vivado v2023.2 (64-bit)
  **** SW Build 4029153 on Fri Oct 13 20:14:34 MDT 2023
  **** IP Build 4028589 on Sat Oct 14 00:45:43 MDT 2023
  **** SharedData Build 4025554 on Tue Oct 10 17:18:54 MDT 2023
    ** Copyright 1986-2022 Xilinx, Inc. All Rights Reserved.
    ** Copyright 2022-2023 Advanced Micro Devices, Inc. All Rights Reserved.

source voting_mach.tcl -notrace
create_project: Time (s): cpu = 00:00:02 ; elapsed = 00:00:11 . Memory (MB): peak = 473.574 ; gain = 177.449
Command: read_checkpoint -auto_incremental -incremental {C:/Users/karan/Downloads/DEC Lab/DEC Lab/VOTING_MACH/VOTING_MACH.srcs/utils_1/imports/synth_1/voting_mach.dcp}
INFO: [Vivado 12-5825] Read reference checkpoint from C:/Users/karan/Downloads/DEC Lab/DEC Lab/VOTING_MACH/VOTING_MACH.srcs/utils_1/imports/synth_1/voting_mach.dcp for incremental synthesis
INFO: [Vivado 12-7989] Please ensure there are no constraint changes
Command: synth_design -top voting_mach -part xc7a35tcpg236-1
Starting synth_design
Attempting to get a license for feature 'Synthesis' and/or device 'xc7a35t'
INFO: [Common 17-349] Got license for feature 'Synthesis' and/or device 'xc7a35t'
INFO: [Device 21-403] Loading part xc7a35tcpg236-1
INFO: [Designutils 20-5440] No compile time benefit to using incremental synthesis; A full resynthesis will be run
INFO: [Designutils 20-4379] Flow is switching to default flow due to incremental criteria not met. If you would like to alter this behaviour and have the flow terminate instead, please set the following parameter config_implementation {autoIncr.Synth.RejectBehavior Terminate}
INFO: [Synth 8-7079] Multithreading enabled for synth_design using a maximum of 2 processes.
INFO: [Synth 8-7078] Launching helper process for spawning children vivado processes
INFO: [Synth 8-7075] Helper process launched with PID 4744
---------------------------------------------------------------------------------
Starting RTL Elaboration : Time (s): cpu = 00:00:04 ; elapsed = 00:00:13 . Memory (MB): peak = 1309.266 ; gain = 439.734
---------------------------------------------------------------------------------
INFO: [Synth 8-11241] undeclared symbol 'hundred', assumed default net type 'wire' [C:/Users/karan/Downloads/DEC Lab/DEC Lab/VOTING_MACH/VOTING_MACH.srcs/sources_1/new/voting_mach.v:27]
INFO: [Synth 8-6157] synthesizing module 'voting_mach' [C:/Users/karan/Downloads/DEC Lab/DEC Lab/VOTING_MACH/VOTING_MACH.srcs/sources_1/new/voting_mach.v:23]
INFO: [Synth 8-6157] synthesizing module 'digit' [C:/Users/karan/Downloads/DEC Lab/DEC Lab/VOTING_MACH/VOTING_MACH.srcs/sources_1/new/digit.v:23]
INFO: [Synth 8-6155] done synthesizing module 'digit' (0#1) [C:/Users/karan/Downloads/DEC Lab/DEC Lab/VOTING_MACH/VOTING_MACH.srcs/sources_1/new/digit.v:23]
INFO: [Synth 8-6157] synthesizing module 'seven_seg' [C:/Users/karan/Downloads/DEC Lab/DEC Lab/VOTING_MACH/VOTING_MACH.srcs/sources_1/new/seven_seg.v:23]
INFO: [Synth 8-155] case statement is not full and has no default [C:/Users/karan/Downloads/DEC Lab/DEC Lab/VOTING_MACH/VOTING_MACH.srcs/sources_1/new/seven_seg.v:65]
INFO: [Synth 8-155] case statement is not full and has no default [C:/Users/karan/Downloads/DEC Lab/DEC Lab/VOTING_MACH/VOTING_MACH.srcs/sources_1/new/seven_seg.v:80]
INFO: [Synth 8-155] case statement is not full and has no default [C:/Users/karan/Downloads/DEC Lab/DEC Lab/VOTING_MACH/VOTING_MACH.srcs/sources_1/new/seven_seg.v:95]
INFO: [Synth 8-155] case statement is not full and has no default [C:/Users/karan/Downloads/DEC Lab/DEC Lab/VOTING_MACH/VOTING_MACH.srcs/sources_1/new/seven_seg.v:110]
INFO: [Synth 8-6155] done synthesizing module 'seven_seg' (0#1) [C:/Users/karan/Downloads/DEC Lab/DEC Lab/VOTING_MACH/VOTING_MACH.srcs/sources_1/new/seven_seg.v:23]
WARNING: [Synth 8-689] width (7) of port connection 'seg' does not match port width (4) of module 'seven_seg' [C:/Users/karan/Downloads/DEC Lab/DEC Lab/VOTING_MACH/VOTING_MACH.srcs/sources_1/new/voting_mach.v:27]
INFO: [Synth 8-6155] done synthesizing module 'voting_mach' (0#1) [C:/Users/karan/Downloads/DEC Lab/DEC Lab/VOTING_MACH/VOTING_MACH.srcs/sources_1/new/voting_mach.v:23]
WARNING: [Synth 8-3848] Net hundred in module/entity voting_mach does not have driver. [C:/Users/karan/Downloads/DEC Lab/DEC Lab/VOTING_MACH/VOTING_MACH.srcs/sources_1/new/voting_mach.v:27]
WARNING: [Synth 8-3917] design voting_mach has port seg[6] driven by constant 0
WARNING: [Synth 8-3917] design voting_mach has port seg[5] driven by constant 0
WARNING: [Synth 8-3917] design voting_mach has port seg[4] driven by constant 0
---------------------------------------------------------------------------------
Finished RTL Elaboration : Time (s): cpu = 00:00:05 ; elapsed = 00:00:17 . Memory (MB): peak = 1417.812 ; gain = 548.281
---------------------------------------------------------------------------------
---------------------------------------------------------------------------------
Start Handling Custom Attributes
---------------------------------------------------------------------------------
---------------------------------------------------------------------------------
Finished Handling Custom Attributes : Time (s): cpu = 00:00:06 ; elapsed = 00:00:17 . Memory (MB): peak = 1417.812 ; gain = 548.281
---------------------------------------------------------------------------------
---------------------------------------------------------------------------------
Finished RTL Optimization Phase 1 : Time (s): cpu = 00:00:06 ; elapsed = 00:00:17 . Memory (MB): peak = 1417.812 ; gain = 548.281
---------------------------------------------------------------------------------
Netlist sorting complete. Time (s): cpu = 00:00:00 ; elapsed = 00:00:00.011 . Memory (MB): peak = 1417.812 ; gain = 0.000
INFO: [Project 1-570] Preparing netlist for logic optimization

Processing XDC Constraints
Initializing timing engine
Parsing XDC File [C:/Users/karan/Downloads/DEC Lab/DEC Lab/VOTING_MACH/VOTING_MACH.srcs/constrs_1/new/basys3_board.xdc]
Finished Parsing XDC File [C:/Users/karan/Downloads/DEC Lab/DEC Lab/VOTING_MACH/VOTING_MACH.srcs/constrs_1/new/basys3_board.xdc]
INFO: [Project 1-236] Implementation specific constraints were found while reading constraint file [C:/Users/karan/Downloads/DEC Lab/DEC Lab/VOTING_MACH/VOTING_MACH.srcs/constrs_1/new/basys3_board.xdc]. These constraints will be ignored for synthesis but will be used in implementation. Impacted constraints are listed in the file [.Xil/voting_mach_propImpl.xdc].
Resolution: To avoid this warning, move constraints listed in [.Xil/voting_mach_propImpl.xdc] to another XDC file and exclude this new file from synthesis with the used_in_synthesis property (File Properties dialog in GUI) and re-run elaboration/synthesis.
Completed Processing XDC Constraints

Netlist sorting complete. Time (s): cpu = 00:00:00 ; elapsed = 00:00:00 . Memory (MB): peak = 1463.016 ; gain = 0.000
INFO: [Project 1-111] Unisim Transformation Summary:
No Unisim elements were transformed.

The system cannot find the path specified.
Constraint Validation Runtime : Time (s): cpu = 00:00:00 ; elapsed = 00:00:00.004 . Memory (MB): peak = 1463.016 ; gain = 0.000
INFO: [Designutils 20-5440] No compile time benefit to using incremental synthesis; A full resynthesis will be run
INFO: [Designutils 20-4379] Flow is switching to default flow due to incremental criteria not met. If you would like to alter this behaviour and have the flow terminate instead, please set the following parameter config_implementation {autoIncr.Synth.RejectBehavior Terminate}
---------------------------------------------------------------------------------
Finished Constraint Validation : Time (s): cpu = 00:00:13 ; elapsed = 00:00:37 . Memory (MB): peak = 1463.016 ; gain = 593.484
---------------------------------------------------------------------------------
---------------------------------------------------------------------------------
Start Loading Part and Timing Information
---------------------------------------------------------------------------------
Loading part: xc7a35tcpg236-1
---------------------------------------------------------------------------------
Finished Loading Part and Timing Information : Time (s): cpu = 00:00:13 ; elapsed = 00:00:37 . Memory (MB): peak = 1463.016 ; gain = 593.484
---------------------------------------------------------------------------------
---------------------------------------------------------------------------------
Start Applying 'set_property' XDC Constraints
---------------------------------------------------------------------------------
---------------------------------------------------------------------------------
Finished applying 'set_property' XDC Constraints : Time (s): cpu = 00:00:13 ; elapsed = 00:00:37 . Memory (MB): peak = 1463.016 ; gain = 593.484
---------------------------------------------------------------------------------
WARNING: [Synth 8-327] inferring latch for variable 'seg_reg' [C:/Users/karan/Downloads/DEC Lab/DEC Lab/VOTING_MACH/VOTING_MACH.srcs/sources_1/new/seven_seg.v:66]
---------------------------------------------------------------------------------
Finished RTL Optimization Phase 2 : Time (s): cpu = 00:00:14 ; elapsed = 00:00:38 . Memory (MB): peak = 1463.016 ; gain = 593.484
---------------------------------------------------------------------------------
---------------------------------------------------------------------------------
Start RTL Component Statistics 
---------------------------------------------------------------------------------
Detailed RTL Component Info : 
+---Adders : 
	   2 Input   32 Bit       Adders := 1     
	   2 Input   17 Bit       Adders := 1     
	   2 Input   10 Bit       Adders := 3     
	   2 Input    2 Bit       Adders := 1     
+---Registers : 
	               32 Bit    Registers := 1     
	               17 Bit    Registers := 1     
	               10 Bit    Registers := 4     
	                4 Bit    Registers := 4     
	                2 Bit    Registers := 1     
	                1 Bit    Registers := 3     
+---Muxes : 
	   2 Input   32 Bit        Muxes := 5     
	   2 Input   17 Bit        Muxes := 1     
	   2 Input   10 Bit        Muxes := 3     
	   4 Input    4 Bit        Muxes := 1     
	  11 Input    4 Bit        Muxes := 3     
	  14 Input    4 Bit        Muxes := 1     
	  11 Input    1 Bit        Muxes := 3     
	  14 Input    1 Bit        Muxes := 1     
---------------------------------------------------------------------------------
Finished RTL Component Statistics 
---------------------------------------------------------------------------------
---------------------------------------------------------------------------------
Start Part Resource Summary
---------------------------------------------------------------------------------
Part Resources:
DSPs: 90 (col length:60)
BRAMs: 100 (col length: RAMB18 60 RAMB36 30)
---------------------------------------------------------------------------------
Finished Part Resource Summary
---------------------------------------------------------------------------------
---------------------------------------------------------------------------------
Start Cross Boundary and Area Optimization
---------------------------------------------------------------------------------
WARNING: [Synth 8-7080] Parallel synthesis criteria is not met
WARNING: [Synth 8-3917] design voting_mach has port seg[6] driven by constant 0
WARNING: [Synth 8-3917] design voting_mach has port seg[5] driven by constant 0
WARNING: [Synth 8-3917] design voting_mach has port seg[4] driven by constant 0
---------------------------------------------------------------------------------
Finished Cross Boundary and Area Optimization : Time (s): cpu = 00:00:17 ; elapsed = 00:00:51 . Memory (MB): peak = 1463.016 ; gain = 593.484
---------------------------------------------------------------------------------
---------------------------------------------------------------------------------
Start Applying XDC Timing Constraints
---------------------------------------------------------------------------------
---------------------------------------------------------------------------------
Finished Applying XDC Timing Constraints : Time (s): cpu = 00:00:20 ; elapsed = 00:01:03 . Memory (MB): peak = 1463.016 ; gain = 593.484
---------------------------------------------------------------------------------
---------------------------------------------------------------------------------
Start Timing Optimization
---------------------------------------------------------------------------------
---------------------------------------------------------------------------------
Finished Timing Optimization : Time (s): cpu = 00:00:21 ; elapsed = 00:01:04 . Memory (MB): peak = 1463.016 ; gain = 593.484
---------------------------------------------------------------------------------
---------------------------------------------------------------------------------
Start Technology Mapping
---------------------------------------------------------------------------------
---------------------------------------------------------------------------------
Finished Technology Mapping : Time (s): cpu = 00:00:21 ; elapsed = 00:01:05 . Memory (MB): peak = 1463.016 ; gain = 593.484
---------------------------------------------------------------------------------
---------------------------------------------------------------------------------
Start IO Insertion
---------------------------------------------------------------------------------
---------------------------------------------------------------------------------
Start Flattening Before IO Insertion
---------------------------------------------------------------------------------
---------------------------------------------------------------------------------
Finished Flattening Before IO Insertion
---------------------------------------------------------------------------------
---------------------------------------------------------------------------------
Start Final Netlist Cleanup
---------------------------------------------------------------------------------
---------------------------------------------------------------------------------
Finished Final Netlist Cleanup
---------------------------------------------------------------------------------
---------------------------------------------------------------------------------
Finished IO Insertion : Time (s): cpu = 00:00:26 ; elapsed = 00:01:17 . Memory (MB): peak = 1463.016 ; gain = 593.484
---------------------------------------------------------------------------------
---------------------------------------------------------------------------------
Start Renaming Generated Instances
---------------------------------------------------------------------------------
---------------------------------------------------------------------------------
Finished Renaming Generated Instances : Time (s): cpu = 00:00:26 ; elapsed = 00:01:17 . Memory (MB): peak = 1463.016 ; gain = 593.484
---------------------------------------------------------------------------------
---------------------------------------------------------------------------------
Start Rebuilding User Hierarchy
---------------------------------------------------------------------------------
---------------------------------------------------------------------------------
Finished Rebuilding User Hierarchy : Time (s): cpu = 00:00:26 ; elapsed = 00:01:18 . Memory (MB): peak = 1463.016 ; gain = 593.484
---------------------------------------------------------------------------------
---------------------------------------------------------------------------------
Start Renaming Generated Ports
---------------------------------------------------------------------------------
---------------------------------------------------------------------------------
Finished Renaming Generated Ports : Time (s): cpu = 00:00:26 ; elapsed = 00:01:18 . Memory (MB): peak = 1463.016 ; gain = 593.484
---------------------------------------------------------------------------------
---------------------------------------------------------------------------------
Start Handling Custom Attributes
---------------------------------------------------------------------------------
---------------------------------------------------------------------------------
Finished Handling Custom Attributes : Time (s): cpu = 00:00:26 ; elapsed = 00:01:18 . Memory (MB): peak = 1463.016 ; gain = 593.484
---------------------------------------------------------------------------------
---------------------------------------------------------------------------------
Start Renaming Generated Nets
---------------------------------------------------------------------------------
---------------------------------------------------------------------------------
Finished Renaming Generated Nets : Time (s): cpu = 00:00:26 ; elapsed = 00:01:18 . Memory (MB): peak = 1463.016 ; gain = 593.484
---------------------------------------------------------------------------------
---------------------------------------------------------------------------------
Start Writing Synthesis Report
---------------------------------------------------------------------------------

Report BlackBoxes: 
+-+--------------+----------+
| |BlackBox name |Instances |
+-+--------------+----------+
+-+--------------+----------+

Report Cell Usage: 
+------+-------+------+
|      |Cell   |Count |
+------+-------+------+
|1     |BUFG   |     1|
|2     |CARRY4 |    14|
|3     |LUT1   |     6|
|4     |LUT2   |    16|
|5     |LUT3   |     9|
|6     |LUT4   |    31|
|7     |LUT5   |    34|
|8     |LUT6   |    43|
|9     |MUXF7  |     2|
|10    |FDCE   |    38|
|11    |FDRE   |    50|
|12    |FDSE   |    15|
|13    |LD     |     4|
|14    |IBUF   |     8|
|15    |OBUF   |    14|
+------+-------+------+
---------------------------------------------------------------------------------
Finished Writing Synthesis Report : Time (s): cpu = 00:00:26 ; elapsed = 00:01:18 . Memory (MB): peak = 1463.016 ; gain = 593.484
---------------------------------------------------------------------------------
Synthesis finished with 0 errors, 0 critical warnings and 5 warnings.
Synthesis Optimization Runtime : Time (s): cpu = 00:00:18 ; elapsed = 00:01:13 . Memory (MB): peak = 1463.016 ; gain = 548.281
Synthesis Optimization Complete : Time (s): cpu = 00:00:26 ; elapsed = 00:01:18 . Memory (MB): peak = 1463.016 ; gain = 593.484
INFO: [Project 1-571] Translating synthesized netlist
Netlist sorting complete. Time (s): cpu = 00:00:00 ; elapsed = 00:00:00.005 . Memory (MB): peak = 1463.016 ; gain = 0.000
INFO: [Netlist 29-17] Analyzing 20 Unisim elements for replacement
INFO: [Netlist 29-28] Unisim Transformation completed in 0 CPU seconds
INFO: [Project 1-570] Preparing netlist for logic optimization
INFO: [Opt 31-138] Pushed 0 inverter(s) to 0 load pin(s).
Netlist sorting complete. Time (s): cpu = 00:00:00 ; elapsed = 00:00:00 . Memory (MB): peak = 1463.016 ; gain = 0.000
INFO: [Project 1-111] Unisim Transformation Summary:
  A total of 4 instances were transformed.
  LD => LDCE: 4 instances

The system cannot find the path specified.
Synth Design complete | Checksum: 1a38ca1c
INFO: [Common 17-83] Releasing license: Synthesis
32 Infos, 10 Warnings, 0 Critical Warnings and 0 Errors encountered.
synth_design completed successfully
synth_design: Time (s): cpu = 00:00:29 ; elapsed = 00:01:29 . Memory (MB): peak = 1463.016 ; gain = 984.480
Write ShapeDB Complete: Time (s): cpu = 00:00:00 ; elapsed = 00:00:00.003 . Memory (MB): peak = 1463.016 ; gain = 0.000
INFO: [Common 17-1381] The checkpoint 'C:/Users/karan/Downloads/DEC Lab/DEC Lab/VOTING_MACH/VOTING_MACH.runs/synth_1/voting_mach.dcp' has been generated.
INFO: [runtcl-4] Executing : report_utilization -file voting_mach_utilization_synth.rpt -pb voting_mach_utilization_synth.pb
INFO: [Common 17-206] Exiting Vivado at Tue Aug 20 20:41:38 2024...
